<?xml version="1.0" encoding="UTF-8"?>
<!-- Generated by org.testng.reporters.JUnitReportReporter -->
<testsuite hostname="DESKTOP-AV2PARO" failures="0" tests="4" name="testCases.SubCategoryTest" time="41.583" errors="0" timestamp="2024-10-28T12:34:15 IST" skipped="0">
  <testcase classname="testCases.SubCategoryTest" name="createSubCategory" time="11.018"/>
  <system-out/>
  <testcase classname="testCases.SubCategoryTest" name="DeleteItem" time="12.591"/>
  <system-out/>
  <testcase classname="testCases.SubCategoryTest" name="tableDeleteItem" time="10.497"/>
  <system-out/>
  <testcase classname="testCases.SubCategoryTest" name="ValidSearch" time="7.477"/>
  <system-out/>
</testsuite> <!-- testCases.SubCategoryTest -->
