<?xml version="1.0" encoding="UTF-8"?>
<!-- Generated by org.testng.reporters.JUnitReportReporter -->
<testsuite hostname="DESKTOP-AV2PARO" failures="0" tests="2" name="testCases.CategoryTest" time="13.777" errors="0" timestamp="2024-10-24T13:07:06 IST" skipped="0">
  <testcase classname="testCases.CategoryTest" name="categoryValidSearch" time="5.489"/>
  <system-out/>
  <testcase classname="testCases.CategoryTest" name="categoryInvalidSearch" time="8.288"/>
  <system-out/>
</testsuite> <!-- testCases.CategoryTest -->
