<?xml version="1.0" encoding="UTF-8"?>
<!-- Generated by org.testng.reporters.JUnitReportReporter -->
<testsuite hostname="DESKTOP-AV2PARO" failures="0" tests="1" name="testCases.LoginPageTest" time="5.912" errors="0" timestamp="2024-10-28T12:34:15 IST" skipped="0">
  <testcase classname="testCases.LoginPageTest" name="verifyLoginWithValidCredentials" time="5.912"/>
  <system-out/>
</testsuite> <!-- testCases.LoginPageTest -->
