<?xml version="1.0" encoding="UTF-8"?>
<!-- Generated by org.testng.reporters.JUnitReportReporter -->
<testsuite hostname="DESKTOP-AV2PARO" failures="0" tests="5" name="testCases.SubCategoryTest" time="45.792" errors="0" timestamp="2024-11-11T08:09:06 IST" skipped="1">
  <testcase classname="testCases.SubCategoryTest" name="createSubCategory" time="10.944"/>
  <testcase classname="testCases.SubCategoryTest" name="deleteItemAlertTest" time="9.147"/>
  <testcase classname="testCases.SubCategoryTest" name="checkdeletedItemExists" time="7.575"/>
  <testcase classname="testCases.SubCategoryTest" name="checkdeletedItemExists" time="12.047">
    <skipped/>
  </testcase> <!-- checkdeletedItemExists -->
  <testcase classname="testCases.SubCategoryTest" name="doinValidSearch" time="6.079"/>
</testsuite> <!-- testCases.SubCategoryTest -->
