<?xml version="1.0" encoding="UTF-8"?>
<!-- Generated by org.testng.reporters.JUnitReportReporter -->
<testsuite hostname="DESKTOP-AV2PARO" failures="0" tests="4" name="testCases.SubCategoryTest" time="227.940" errors="0" timestamp="2024-11-11T08:02:40 IST" skipped="0">
  <testcase classname="testCases.SubCategoryTest" name="createSubCategory" time="208.093"/>
  <testcase classname="testCases.SubCategoryTest" name="deleteItemAlertTest" time="6.264"/>
  <testcase classname="testCases.SubCategoryTest" name="checkdeletedItemExists" time="8.072"/>
  <testcase classname="testCases.SubCategoryTest" name="doinValidSearch" time="5.511"/>
</testsuite> <!-- testCases.SubCategoryTest -->
