<?xml version="1.0" encoding="UTF-8"?>
<!-- Generated by org.testng.reporters.JUnitReportReporter -->
<testsuite hostname="DESKTOP-AV2PARO" failures="0" tests="2" name="testCases.ManageContactTest" time="21.548" errors="0" timestamp="2024-10-23T07:51:14 IST" skipped="0">
  <testcase classname="testCases.ManageContactTest" name="UpdateItemAlertCheck" time="15.367"/>
  <system-out/>
  <testcase classname="testCases.ManageContactTest" name="ChecktabelAfterTest" time="6.181"/>
  <system-out/>
</testsuite> <!-- testCases.ManageContactTest -->
