<?xml version="1.0" encoding="UTF-8"?>
<!-- Generated by org.testng.reporters.JUnitReportReporter -->
<testsuite hostname="DESKTOP-AV2PARO" failures="0" tests="4" name="testCases.SubCategoryTest" time="42.584" errors="0" timestamp="2024-11-04T18:45:34 IST" skipped="0">
  <testcase classname="testCases.SubCategoryTest" name="createSubCategory" time="11.730"/>
  <testcase classname="testCases.SubCategoryTest" name="DeleteItem" time="11.071"/>
  <testcase classname="testCases.SubCategoryTest" name="tableDeleteItem" time="9.869"/>
  <testcase classname="testCases.SubCategoryTest" name="inValidSearch" time="9.914"/>
</testsuite> <!-- testCases.SubCategoryTest -->
